# JRE version: OpenJDK Runtime Environment (21.0.4) (build 21.0.4+-12508038-b607.1)
# Java VM: OpenJDK 64-Bit Server VM (21.0.4+-12508038-b607.1, mixed mode, tiered, compressed oops, compressed class ptrs, g1 gc, windows-amd64)
GC Precious Log:
 CardTable entry size: 512
 Card Set container configuration: InlinePtr #cards 5 size 8 Array Of Cards #cards 12 size 40 Howl #buckets 4 coarsen threshold 1843 Howl Bitmap #cards 512 size 80 coarsen threshold 460 Card regions per heap region 1 cards per card region 2048
 CPUs: 8 total, 8 available
 Memory: 7873M
 Large Page Support: Disabled
 NUMA Support: Disabled
 Compressed Oops: Enabled (32-bit)
 Heap Region Size: 1M
 Heap Min Capacity: 8M
 Heap Initial Capacity: 124M
 Heap Max Capacity: 2G
 Pre-touch: Disabled
 Parallel Workers: 8
 Concurrent Workers: 2
 Concurrent Refinement Workers: 8
 Periodic GC: Disabled
Heap:
 garbage-first heap   total 339968K, used 231424K [0x0000000080000000, 0x0000000100000000)
  region size 1024K, 44 young (45056K), 14 survivors (14336K)
 Metaspace       used 147985K, committed 150400K, reserved 1179648K
  class space    used 19874K, committed 21120K, reserved 1048576K
GC Heap History (20 events):
Event: 42.103 GC heap before
{Heap before GC invocations=55 (full 0):
 garbage-first heap   total 269312K, used 237887K [0x0000000080000000, 0x0000000100000000)
  region size 1024K, 114 young (116736K), 4 survivors (4096K)
 Metaspace       used 136583K, committed 138880K, reserved 1179648K
  class space    used 18443K, committed 19584K, reserved 1048576K
}
Event: 42.112 GC heap after
{Heap after GC invocations=56 (full 0):
 garbage-first heap   total 269312K, used 132548K [0x0000000080000000, 0x0000000100000000)
  region size 1024K, 13 young (13312K), 13 survivors (13312K)
 Metaspace       used 136583K, committed 138880K, reserved 1179648K
  class space    used 18443K, committed 19584K, reserved 1048576K
}
Event: 42.771 GC heap before
{Heap before GC invocations=57 (full 0):
 garbage-first heap   total 269312K, used 235972K [0x0000000080000000, 0x0000000100000000)
  region size 1024K, 114 young (116736K), 13 survivors (13312K)
 Metaspace       used 141795K, committed 144128K, reserved 1179648K
  class space    used 19222K, committed 20352K, reserved 1048576K
}
Event: 42.778 GC heap after
{Heap after GC invocations=58 (full 0):
 garbage-first heap   total 269312K, used 130604K [0x0000000080000000, 0x0000000100000000)
  region size 1024K, 7 young (7168K), 7 survivors (7168K)
 Metaspace       used 141795K, committed 144128K, reserved 1179648K
  class space    used 19222K, committed 20352K, reserved 1048576K
}
Event: 122.928 GC heap before
{Heap before GC invocations=58 (full 0):
 garbage-first heap   total 269312K, used 267820K [0x0000000080000000, 0x0000000100000000)
  region size 1024K, 90 young (92160K), 7 survivors (7168K)
 Metaspace       used 146680K, committed 149120K, reserved 1179648K
  class space    used 19893K, committed 21120K, reserved 1048576K
}
Event: 122.935 GC heap after
{Heap after GC invocations=59 (full 0):
 garbage-first heap   total 275456K, used 123527K [0x0000000080000000, 0x0000000100000000)
  region size 1024K, 4 young (4096K), 4 survivors (4096K)
 Metaspace       used 146680K, committed 149120K, reserved 1179648K
  class space    used 19893K, committed 21120K, reserved 1048576K
}
Event: 123.549 GC heap before
{Heap before GC invocations=59 (full 0):
 garbage-first heap   total 275456K, used 188039K [0x0000000080000000, 0x0000000100000000)
  region size 1024K, 69 young (70656K), 4 survivors (4096K)
 Metaspace       used 147161K, committed 149632K, reserved 1179648K
  class space    used 19896K, committed 21120K, reserved 1048576K
}
Event: 123.557 GC heap after
{Heap after GC invocations=60 (full 0):
 garbage-first heap   total 275456K, used 130523K [0x0000000080000000, 0x0000000100000000)
  region size 1024K, 11 young (11264K), 11 survivors (11264K)
 Metaspace       used 147161K, committed 149632K, reserved 1179648K
  class space    used 19896K, committed 21120K, reserved 1048576K
}
Event: 125.576 GC heap before
{Heap before GC invocations=61 (full 0):
 garbage-first heap   total 275456K, used 272859K [0x0000000080000000, 0x0000000100000000)
  region size 1024K, 123 young (125952K), 11 survivors (11264K)
 Metaspace       used 147126K, committed 149504K, reserved 1179648K
  class space    used 19868K, committed 21120K, reserved 1048576K
}
Event: 125.585 GC heap after
{Heap after GC invocations=62 (full 0):
 garbage-first heap   total 290816K, used 136116K [0x0000000080000000, 0x0000000100000000)
  region size 1024K, 13 young (13312K), 13 survivors (13312K)
 Metaspace       used 147126K, committed 149504K, reserved 1179648K
  class space    used 19868K, committed 21120K, reserved 1048576K
}
Event: 180.460 GC heap before
{Heap before GC invocations=62 (full 0):
 garbage-first heap   total 293888K, used 292788K [0x0000000080000000, 0x0000000100000000)
  region size 1024K, 116 young (118784K), 13 survivors (13312K)
 Metaspace       used 147466K, committed 149888K, reserved 1179648K
  class space    used 19873K, committed 21120K, reserved 1048576K
}
Event: 180.472 GC heap after
{Heap after GC invocations=63 (full 0):
 garbage-first heap   total 320512K, used 146291K [0x0000000080000000, 0x0000000100000000)
  region size 1024K, 17 young (17408K), 17 survivors (17408K)
 Metaspace       used 147466K, committed 149888K, reserved 1179648K
  class space    used 19873K, committed 21120K, reserved 1048576K
}
Event: 180.593 GC heap before
{Heap before GC invocations=63 (full 0):
 garbage-first heap   total 320512K, used 183155K [0x0000000080000000, 0x0000000100000000)
  region size 1024K, 55 young (56320K), 17 survivors (17408K)
 Metaspace       used 147484K, committed 149888K, reserved 1179648K
  class space    used 19873K, committed 21120K, reserved 1048576K
}
Event: 180.609 GC heap after
{Heap after GC invocations=64 (full 0):
 garbage-first heap   total 320512K, used 163840K [0x0000000080000000, 0x0000000100000000)
  region size 1024K, 20 young (20480K), 20 survivors (20480K)
 Metaspace       used 147484K, committed 149888K, reserved 1179648K
  class space    used 19873K, committed 21120K, reserved 1048576K
}
Event: 182.919 GC heap before
{Heap before GC invocations=65 (full 0):
 garbage-first heap   total 320512K, used 318464K [0x0000000080000000, 0x0000000100000000)
  region size 1024K, 99 young (101376K), 20 survivors (20480K)
 Metaspace       used 147618K, committed 150016K, reserved 1179648K
  class space    used 19872K, committed 21120K, reserved 1048576K
}
Event: 182.928 GC heap after
{Heap after GC invocations=66 (full 0):
 garbage-first heap   total 339968K, used 162756K [0x0000000080000000, 0x0000000100000000)
  region size 1024K, 5 young (5120K), 5 survivors (5120K)
 Metaspace       used 147618K, committed 150016K, reserved 1179648K
  class space    used 19872K, committed 21120K, reserved 1048576K
}
Event: 244.652 GC heap before
{Heap before GC invocations=66 (full 0):
 garbage-first heap   total 339968K, used 266180K [0x0000000080000000, 0x0000000100000000)
  region size 1024K, 104 young (106496K), 5 survivors (5120K)
 Metaspace       used 147869K, committed 150272K, reserved 1179648K
  class space    used 19874K, committed 21120K, reserved 1048576K
}
Event: 244.665 GC heap after
{Heap after GC invocations=67 (full 0):
 garbage-first heap   total 339968K, used 176128K [0x0000000080000000, 0x0000000100000000)
  region size 1024K, 13 young (13312K), 13 survivors (13312K)
 Metaspace       used 147869K, committed 150272K, reserved 1179648K
  class space    used 19874K, committed 21120K, reserved 1048576K
}
Event: 244.741 GC heap before
{Heap before GC invocations=67 (full 0):
 garbage-first heap   total 339968K, used 203776K [0x0000000080000000, 0x0000000100000000)
  region size 1024K, 42 young (43008K), 13 survivors (13312K)
 Metaspace       used 147899K, committed 150272K, reserved 1179648K
  class space    used 19874K, committed 21120K, reserved 1048576K
}
Event: 244.753 GC heap after
{Heap after GC invocations=68 (full 0):
 garbage-first heap   total 339968K, used 191488K [0x0000000080000000, 0x0000000100000000)
  region size 1024K, 14 young (14336K), 14 survivors (14336K)
 Metaspace       used 147899K, committed 150272K, reserved 1179648K
  class space    used 19874K, committed 21120K, reserved 1048576K
}

